<?xml version="1.0" encoding="UTF-8"?>
<!-- Generated by org.testng.reporters.JUnitReportReporter -->
<testsuite hostname="Jessie" failures="0" tests="3" name="com.finance.tests.YahooFinanceTests" time="3.499" errors="0" timestamp="2025-02-22T18:30:17 IST" skipped="0">
  <testcase classname="com.finance.tests.YahooFinanceTests" name="testSearchTesla" time="0.970"/>
  <testcase classname="com.finance.tests.YahooFinanceTests" name="testStockPrice" time="2.020"/>
  <testcase classname="com.finance.tests.YahooFinanceTests" name="testCaptureAdditionalData" time="0.509"/>
</testsuite> <!-- com.finance.tests.YahooFinanceTests -->
